I 2022/08/04 16:14:36 working.go:107: 
      ___                                   ___           ___           ___
     /  /\        ___           ___        /__/\         /  /\         /__/\
    /  /:/_      /  /\         /__/|       \  \:\       /  /::\        \  \:\
   /  /:/ /\    /  /:/        |  |:|        \  \:\     /  /:/\:\        \  \:\
  /  /:/ /::\  /__/::\        |  |:|    ___  \  \:\   /  /:/~/::\   _____\__\:\
 /__/:/ /:/\:\ \__\/\:\__   __|__|:|   /__/\  \__\:\ /__/:/ /:/\:\ /__/::::::::\
 \  \:\/:/~/:/    \  \:\/\ /__/::::\   \  \:\ /  /:/ \  \:\/:/__\/ \  \:\~~\~~\/
  \  \::/ /:/      \__\::/    ~\~~\:\   \  \:\  /:/   \  \::/       \  \:\  ~~~
   \__\/ /:/       /__/:/       \  \:\   \  \:\/:/     \  \:\        \  \:\
     /__/:/        \__\/         \__\/    \  \::/       \  \:\        \  \:\
     \__\/                                 \__\/         \__\/         \__\/
I 2022/08/04 16:14:36 runtime.go:47: kernel is booting:
    * ver [2.1.5]
    * arch [amd64]
    * runtime mode [prod]
    * working directory [/Applications/SiYuan.app/Contents/Resources]
    * read only [false]
    * container [std]
    * database [ver=20220501]
    * workspace directory [/Users/yuanting/text/book/notes, data 8.7 MB]
I 2022/08/04 16:14:36 serve.go:79: kernel is booting [http://127.0.0.1:6806]
I 2022/08/04 16:14:37 database.go:85: reinitialized database [/Users/yuanting/text/book/notes/temp/siyuan.db]
I 2022/08/04 16:14:37 conf.go:527: database size [4.1 kB], block count [707]
I 2022/08/04 16:14:37 working.go:147: kernel booted
I 2022/08/04 16:16:20 index.go:222: rebuilt database for notebook [20220804161620-pe89qno] in [0.01s], tree [count=0, size=0 B]
I 2022/08/04 16:16:20 index.go:359: resolved refs [0] in [1ms]
E 2022/08/04 17:45:40 rhy.go:43: get version info failed: Get "https://siyuan-sync.b3logfile.com/apis/siyuan/version?ver=2.1.5": EOF
E 2022/08/04 17:45:40 updater.go:40: get announcement failed: Get "https://siyuan-sync.b3logfile.com/apis/siyuan/version?ver=2.1.5": EOF
E 2022/08/04 18:15:40 rhy.go:43: get version info failed: Get "https://siyuan-sync.b3logfile.com/apis/siyuan/version?ver=2.1.5": EOF
E 2022/08/04 18:15:40 updater.go:40: get announcement failed: Get "https://siyuan-sync.b3logfile.com/apis/siyuan/version?ver=2.1.5": EOF
E 2022/08/04 18:45:40 rhy.go:43: get version info failed: Get "https://siyuan-sync.b3logfile.com/apis/siyuan/version?ver=2.1.5": EOF
E 2022/08/04 18:45:40 updater.go:40: get announcement failed: Get "https://siyuan-sync.b3logfile.com/apis/siyuan/version?ver=2.1.5": EOF
E 2022/08/04 19:15:40 rhy.go:43: get version info failed: Get "https://siyuan-sync.b3logfile.com/apis/siyuan/version?ver=2.1.5": EOF
E 2022/08/04 19:15:40 updater.go:40: get announcement failed: Get "https://siyuan-sync.b3logfile.com/apis/siyuan/version?ver=2.1.5": EOF
E 2022/08/04 19:45:40 rhy.go:43: get version info failed: Get "https://siyuan-sync.b3logfile.com/apis/siyuan/version?ver=2.1.5": EOF
E 2022/08/04 19:45:40 updater.go:40: get announcement failed: Get "https://siyuan-sync.b3logfile.com/apis/siyuan/version?ver=2.1.5": EOF
E 2022/08/04 20:15:40 rhy.go:43: get version info failed: Get "https://siyuan-sync.b3logfile.com/apis/siyuan/version?ver=2.1.5": EOF
E 2022/08/04 20:15:40 updater.go:40: get announcement failed: Get "https://siyuan-sync.b3logfile.com/apis/siyuan/version?ver=2.1.5": EOF
E 2022/08/05 08:06:29 rhy.go:43: get version info failed: Get "https://siyuan-sync.b3logfile.com/apis/siyuan/version?ver=2.1.5": net/http: request canceled while waiting for connection (Client.Timeout exceeded while awaiting headers)
E 2022/08/05 08:06:29 updater.go:40: get announcement failed: Get "https://siyuan-sync.b3logfile.com/apis/siyuan/version?ver=2.1.5": net/http: request canceled while waiting for connection (Client.Timeout exceeded while awaiting headers)
E 2022/08/06 10:06:07 rhy.go:43: get version info failed: Get "https://siyuan-sync.b3logfile.com/apis/siyuan/version?ver=2.1.5": dial tcp: lookup siyuan-sync.b3logfile.com: no such host
E 2022/08/06 10:06:07 updater.go:40: get announcement failed: Get "https://siyuan-sync.b3logfile.com/apis/siyuan/version?ver=2.1.5": dial tcp: lookup siyuan-sync.b3logfile.com: no such host
E 2022/08/06 10:36:07 rhy.go:43: get version info failed: Get "https://siyuan-sync.b3logfile.com/apis/siyuan/version?ver=2.1.5": dial tcp: lookup siyuan-sync.b3logfile.com: no such host
E 2022/08/06 10:36:07 updater.go:40: get announcement failed: Get "https://siyuan-sync.b3logfile.com/apis/siyuan/version?ver=2.1.5": dial tcp: lookup siyuan-sync.b3logfile.com: no such host
E 2022/08/06 11:55:35 rhy.go:43: get version info failed: Get "https://siyuan-sync.b3logfile.com/apis/siyuan/version?ver=2.1.5": dial tcp: lookup siyuan-sync.b3logfile.com: no such host
E 2022/08/06 11:55:35 updater.go:40: get announcement failed: Get "https://siyuan-sync.b3logfile.com/apis/siyuan/version?ver=2.1.5": dial tcp: lookup siyuan-sync.b3logfile.com: no such host
E 2022/08/06 15:35:59 rhy.go:43: get version info failed: Get "https://siyuan-sync.b3logfile.com/apis/siyuan/version?ver=2.1.5": dial tcp: lookup siyuan-sync.b3logfile.com: no such host
E 2022/08/06 15:35:59 updater.go:40: get announcement failed: Get "https://siyuan-sync.b3logfile.com/apis/siyuan/version?ver=2.1.5": dial tcp: lookup siyuan-sync.b3logfile.com: no such host
E 2022/08/06 19:05:03 rhy.go:43: get version info failed: Get "https://siyuan-sync.b3logfile.com/apis/siyuan/version?ver=2.1.5": dial tcp: lookup siyuan-sync.b3logfile.com: no such host
E 2022/08/06 19:05:03 updater.go:40: get announcement failed: Get "https://siyuan-sync.b3logfile.com/apis/siyuan/version?ver=2.1.5": dial tcp: lookup siyuan-sync.b3logfile.com: no such host
E 2022/08/06 21:41:00 rhy.go:43: get version info failed: Get "https://siyuan-sync.b3logfile.com/apis/siyuan/version?ver=2.1.5": net/http: request canceled while waiting for connection (Client.Timeout exceeded while awaiting headers)
E 2022/08/06 21:41:00 updater.go:40: get announcement failed: Get "https://siyuan-sync.b3logfile.com/apis/siyuan/version?ver=2.1.5": net/http: request canceled while waiting for connection (Client.Timeout exceeded while awaiting headers)
E 2022/08/06 22:11:00 rhy.go:43: get version info failed: Get "https://siyuan-sync.b3logfile.com/apis/siyuan/version?ver=2.1.5": net/http: request canceled while waiting for connection (Client.Timeout exceeded while awaiting headers)
E 2022/08/06 22:11:00 updater.go:40: get announcement failed: Get "https://siyuan-sync.b3logfile.com/apis/siyuan/version?ver=2.1.5": net/http: request canceled while waiting for connection (Client.Timeout exceeded while awaiting headers)
E 2022/08/06 22:41:00 rhy.go:43: get version info failed: Get "https://siyuan-sync.b3logfile.com/apis/siyuan/version?ver=2.1.5": net/http: request canceled while waiting for connection (Client.Timeout exceeded while awaiting headers)
E 2022/08/06 22:41:00 updater.go:40: get announcement failed: Get "https://siyuan-sync.b3logfile.com/apis/siyuan/version?ver=2.1.5": net/http: request canceled while waiting for connection (Client.Timeout exceeded while awaiting headers)
E 2022/08/07 01:41:01 rhy.go:43: get version info failed: net/http: request canceled (Client.Timeout or context cancellation while reading body)
E 2022/08/07 01:41:01 updater.go:40: get announcement failed: net/http: request canceled (Client.Timeout or context cancellation while reading body)
E 2022/08/07 02:10:51 rhy.go:43: get version info failed: net/http: request canceled (Client.Timeout or context cancellation while reading body)
E 2022/08/07 02:10:51 updater.go:40: get announcement failed: net/http: request canceled (Client.Timeout or context cancellation while reading body)
I 2022/08/07 07:34:16 conf.go:370: exited kernel
I 2022/08/10 15:42:04 working.go:94: 
      ___                                   ___           ___           ___
     /  /\        ___           ___        /__/\         /  /\         /__/\
    /  /:/_      /  /\         /__/|       \  \:\       /  /::\        \  \:\
   /  /:/ /\    /  /:/        |  |:|        \  \:\     /  /:/\:\        \  \:\
  /  /:/ /::\  /__/::\        |  |:|    ___  \  \:\   /  /:/~/::\   _____\__\:\
 /__/:/ /:/\:\ \__\/\:\__   __|__|:|   /__/\  \__\:\ /__/:/ /:/\:\ /__/::::::::\
 \  \:\/:/~/:/    \  \:\/\ /__/::::\   \  \:\ /  /:/ \  \:\/:/__\/ \  \:\~~\~~\/
  \  \::/ /:/      \__\::/    ~\~~\:\   \  \:\  /:/   \  \::/       \  \:\  ~~~
   \__\/ /:/       /__/:/       \  \:\   \  \:\/:/     \  \:\        \  \:\
     /__/:/        \__\/         \__\/    \  \::/       \  \:\        \  \:\
     \__\/                                 \__\/         \__\/         \__\/
I 2022/08/10 15:42:05 runtime.go:57: kernel is booting:
    * ver [1.5.3]
    * arch [amd64]
    * runtime mode [prod]
    * working directory [D:\SiYuan\resources]
    * read only [false]
    * container [std]
    * database [ver=20211022]
    * workspace directory [E:\book\notes, data 10 MB]
    * rsync [version 3.2.4dev  protocol version 31]
    * pandoc [pandoc.exe 2.13]
I 2022/08/10 15:42:05 conf.go:257: local serve path [http://10.32.212.117:6806]
I 2022/08/10 15:42:05 database.go:134: initialized database tables
I 2022/08/10 15:42:05 database.go:88: reinitialized database [E:\book\notes\temp\siyuan.db]
I 2022/08/10 15:42:05 serve.go:68: kernel is booting [http://127.0.0.1:6806]
I 2022/08/10 15:42:05 conf.go:507: pre-init database size [66 kB]
I 2022/08/10 15:42:05 box.go:524: rebuilt database for notebook [20211118172854-pdisagz] in [0.03s], tree stat [count=1, size=229 kB]
I 2022/08/10 15:42:05 box.go:524: rebuilt database for notebook [20211118211027-wy8qpls] in [0.00s], tree stat [count=9, size=5.7 kB]
I 2022/08/10 15:42:05 box.go:524: rebuilt database for notebook [20211118211038-07xt1s4] in [0.00s], tree stat [count=0, size=0 B]
I 2022/08/10 15:42:05 box.go:524: rebuilt database for notebook [20211119111631-urhazrg] in [0.00s], tree stat [count=2, size=3.2 kB]
I 2022/08/10 15:42:05 box.go:524: rebuilt database for notebook [20220804161620-pe89qno] in [0.01s], tree stat [count=3, size=60 kB]
I 2022/08/10 15:42:05 conf.go:523: post-init database size [606 kB], tree stat [count=15, size=298 kB]
I 2022/08/10 15:42:06 working.go:112: kernel booted
E 2022/08/10 15:42:22 rhy.go:42: get version meta info failed: [Get "https://rhythm.b3log.org/version/siyuan?ver=1.5.3": EOF]
E 2022/08/10 17:42:22 rhy.go:42: get version meta info failed: [Get "https://rhythm.b3log.org/version/siyuan?ver=1.5.3": EOF]
E 2022/08/10 19:42:22 rhy.go:42: get version meta info failed: [Get "https://rhythm.b3log.org/version/siyuan?ver=1.5.3": EOF]
E 2022/08/11 08:11:15 rhy.go:42: get version meta info failed: [Get "https://rhythm.b3log.org/version/siyuan?ver=1.5.3": context deadline exceeded (Client.Timeout exceeded while awaiting headers)]
E 2022/08/11 14:11:22 rhy.go:42: get version meta info failed: [Get "https://rhythm.b3log.org/version/siyuan?ver=1.5.3": context deadline exceeded (Client.Timeout exceeded while awaiting headers)]
I 2022/08/11 22:46:58 working.go:312: port [6806] is opened, try to check version of running kernel
I 2022/08/11 22:46:58 working.go:333: version of the running kernel is the same as this boot [1.5.3], exit this boot
E 2022/08/12 00:11:35 rhy.go:42: get version meta info failed: [Get "https://rhythm.b3log.org/version/siyuan?ver=1.5.3": context deadline exceeded (Client.Timeout exceeded while awaiting headers)]
E 2022/08/12 09:48:28 rhy.go:42: get version meta info failed: [Get "https://rhythm.b3log.org/version/siyuan?ver=1.5.3": context deadline exceeded (Client.Timeout exceeded while awaiting headers)]
E 2022/08/12 13:48:32 rhy.go:42: get version meta info failed: [Get "https://rhythm.b3log.org/version/siyuan?ver=1.5.3": context deadline exceeded (Client.Timeout exceeded while awaiting headers)]
I 2022/08/12 15:29:18 working.go:312: port [6806] is opened, try to check version of running kernel
I 2022/08/12 15:29:18 working.go:333: version of the running kernel is the same as this boot [1.5.3], exit this boot
E 2022/08/12 21:29:43 rhy.go:42: get version meta info failed: [Get "https://rhythm.b3log.org/version/siyuan?ver=1.5.3": context deadline exceeded (Client.Timeout exceeded while awaiting headers)]
I 2022/08/16 15:21:37 working.go:94: 
      ___                                   ___           ___           ___
     /  /\        ___           ___        /__/\         /  /\         /__/\
    /  /:/_      /  /\         /__/|       \  \:\       /  /::\        \  \:\
   /  /:/ /\    /  /:/        |  |:|        \  \:\     /  /:/\:\        \  \:\
  /  /:/ /::\  /__/::\        |  |:|    ___  \  \:\   /  /:/~/::\   _____\__\:\
 /__/:/ /:/\:\ \__\/\:\__   __|__|:|   /__/\  \__\:\ /__/:/ /:/\:\ /__/::::::::\
 \  \:\/:/~/:/    \  \:\/\ /__/::::\   \  \:\ /  /:/ \  \:\/:/__\/ \  \:\~~\~~\/
  \  \::/ /:/      \__\::/    ~\~~\:\   \  \:\  /:/   \  \::/       \  \:\  ~~~
   \__\/ /:/       /__/:/       \  \:\   \  \:\/:/     \  \:\        \  \:\
     /__/:/        \__\/         \__\/    \  \::/       \  \:\        \  \:\
     \__\/                                 \__\/         \__\/         \__\/
I 2022/08/16 15:21:39 runtime.go:57: kernel is booting:
    * ver [1.5.3]
    * arch [amd64]
    * runtime mode [prod]
    * working directory [D:\SiYuan\resources]
    * read only [false]
    * container [std]
    * database [ver=20211022]
    * workspace directory [E:\book\notes, data 12 MB]
    * rsync [version 3.2.4dev  protocol version 31]
    * pandoc [pandoc.exe 2.13]
I 2022/08/16 15:21:40 conf.go:257: local serve path [http://192.168.0.6:6806]
I 2022/08/16 15:21:40 database.go:134: initialized database tables
I 2022/08/16 15:21:40 database.go:88: reinitialized database [E:\book\notes\temp\siyuan.db]
I 2022/08/16 15:21:40 serve.go:68: kernel is booting [http://127.0.0.1:6806]
I 2022/08/16 15:21:40 conf.go:507: pre-init database size [66 kB]
I 2022/08/16 15:21:40 box.go:524: rebuilt database for notebook [20211118172854-pdisagz] in [0.09s], tree stat [count=5, size=443 kB]
I 2022/08/16 15:21:40 box.go:524: rebuilt database for notebook [20211118211027-wy8qpls] in [0.03s], tree stat [count=12, size=116 kB]
I 2022/08/16 15:21:40 box.go:524: rebuilt database for notebook [20211118211038-07xt1s4] in [0.00s], tree stat [count=0, size=0 B]
I 2022/08/16 15:21:40 box.go:524: rebuilt database for notebook [20211119111631-urhazrg] in [0.00s], tree stat [count=0, size=0 B]
I 2022/08/16 15:21:40 box.go:524: rebuilt database for notebook [20220804161620-pe89qno] in [0.05s], tree stat [count=3, size=60 kB]
I 2022/08/16 15:21:40 conf.go:523: post-init database size [1.1 MB], tree stat [count=20, size=619 kB]
I 2022/08/16 15:21:41 working.go:112: kernel booted
E 2022/08/16 15:22:02 rhy.go:42: get version meta info failed: [Get "https://rhythm.b3log.org/version/siyuan?ver=1.5.3": context deadline exceeded (Client.Timeout exceeded while awaiting headers)]
E 2022/08/16 17:22:05 rhy.go:42: get version meta info failed: [Get "https://rhythm.b3log.org/version/siyuan?ver=1.5.3": context deadline exceeded (Client.Timeout exceeded while awaiting headers)]
E 2022/08/16 19:22:08 rhy.go:42: get version meta info failed: [Get "https://rhythm.b3log.org/version/siyuan?ver=1.5.3": dial tcp 172.67.134.125:443: i/o timeout (Client.Timeout exceeded while awaiting headers)]
E 2022/08/16 21:22:12 rhy.go:42: get version meta info failed: [Get "https://rhythm.b3log.org/version/siyuan?ver=1.5.3": context deadline exceeded (Client.Timeout exceeded while awaiting headers)]
E 2022/08/17 09:48:18 rhy.go:42: get version meta info failed: [Get "https://rhythm.b3log.org/version/siyuan?ver=1.5.3": dial tcp: lookup rhythm.b3log.org: no such host]
I 2022/08/17 09:55:08 working.go:312: port [6806] is opened, try to check version of running kernel
I 2022/08/17 09:55:08 working.go:333: version of the running kernel is the same as this boot [1.5.3], exit this boot
E 2022/08/17 15:55:36 rhy.go:42: get version meta info failed: [Get "https://rhythm.b3log.org/version/siyuan?ver=1.5.3": context deadline exceeded (Client.Timeout exceeded while awaiting headers)]
E 2022/08/17 17:55:39 rhy.go:42: get version meta info failed: [context deadline exceeded (Client.Timeout or context cancellation while reading body)]
E 2022/08/17 19:55:42 rhy.go:42: get version meta info failed: [Get "https://rhythm.b3log.org/version/siyuan?ver=1.5.3": context deadline exceeded (Client.Timeout exceeded while awaiting headers)]
E 2022/08/18 00:40:01 rhy.go:42: get version meta info failed: [Get "https://rhythm.b3log.org/version/siyuan?ver=1.5.3": dial tcp: lookup rhythm.b3log.org: getaddrinfow: This is usually a temporary error during hostname resolution and means that the local server did not receive a response from an authoritative server.]
E 2022/08/18 09:56:36 rhy.go:42: get version meta info failed: [Get "https://rhythm.b3log.org/version/siyuan?ver=1.5.3": context deadline exceeded (Client.Timeout exceeded while awaiting headers)]
E 2022/08/18 11:56:38 rhy.go:42: get version meta info failed: [invalid character '<' looking for beginning of value]
E 2022/08/18 13:56:38 rhy.go:42: get version meta info failed: [Get "https://rhythm.b3log.org/version/siyuan?ver=1.5.3": EOF]
E 2022/08/18 15:56:39 rhy.go:42: get version meta info failed: [Get "https://rhythm.b3log.org/version/siyuan?ver=1.5.3": EOF]
E 2022/08/18 17:56:39 rhy.go:42: get version meta info failed: [invalid character '<' looking for beginning of value]
E 2022/08/18 19:56:39 rhy.go:42: get version meta info failed: [invalid character '<' looking for beginning of value]
E 2022/08/18 21:56:42 rhy.go:42: get version meta info failed: [Get "https://rhythm.b3log.org/version/siyuan?ver=1.5.3": context deadline exceeded (Client.Timeout exceeded while awaiting headers)]
E 2022/08/18 23:56:45 rhy.go:42: get version meta info failed: [Get "https://rhythm.b3log.org/version/siyuan?ver=1.5.3": context deadline exceeded (Client.Timeout exceeded while awaiting headers)]
E 2022/08/19 06:20:02 rhy.go:42: get version meta info failed: [Get "https://rhythm.b3log.org/version/siyuan?ver=1.5.3": dial tcp: lookup rhythm.b3log.org: no such host]
I 2022/08/19 06:58:42 working.go:312: port [6806] is opened, try to check version of running kernel
I 2022/08/19 06:58:42 working.go:333: version of the running kernel is the same as this boot [1.5.3], exit this boot
I 2022/08/25 09:58:07 working.go:94: 
      ___                                   ___           ___           ___
     /  /\        ___           ___        /__/\         /  /\         /__/\
    /  /:/_      /  /\         /__/|       \  \:\       /  /::\        \  \:\
   /  /:/ /\    /  /:/        |  |:|        \  \:\     /  /:/\:\        \  \:\
  /  /:/ /::\  /__/::\        |  |:|    ___  \  \:\   /  /:/~/::\   _____\__\:\
 /__/:/ /:/\:\ \__\/\:\__   __|__|:|   /__/\  \__\:\ /__/:/ /:/\:\ /__/::::::::\
 \  \:\/:/~/:/    \  \:\/\ /__/::::\   \  \:\ /  /:/ \  \:\/:/__\/ \  \:\~~\~~\/
  \  \::/ /:/      \__\::/    ~\~~\:\   \  \:\  /:/   \  \::/       \  \:\  ~~~
   \__\/ /:/       /__/:/       \  \:\   \  \:\/:/     \  \:\        \  \:\
     /__/:/        \__\/         \__\/    \  \::/       \  \:\        \  \:\
     \__\/                                 \__\/         \__\/         \__\/
I 2022/08/25 09:58:11 runtime.go:57: kernel is booting:
    * ver [1.5.3]
    * arch [amd64]
    * runtime mode [prod]
    * working directory [D:\SiYuan\resources]
    * read only [false]
    * container [std]
    * database [ver=20211022]
    * workspace directory [E:\book\notes, data 18 MB]
    * rsync [version 3.2.4dev  protocol version 31]
    * pandoc [pandoc.exe 2.13]
I 2022/08/25 09:58:11 conf.go:257: local serve path [http://192.168.0.6:6806]
I 2022/08/25 09:58:11 database.go:134: initialized database tables
I 2022/08/25 09:58:11 database.go:88: reinitialized database [E:\book\notes\temp\siyuan.db]
I 2022/08/25 09:58:11 conf.go:507: pre-init database size [66 kB]
I 2022/08/25 09:58:11 serve.go:68: kernel is booting [http://127.0.0.1:6806]
I 2022/08/25 09:58:11 box.go:524: rebuilt database for notebook [20211118172854-pdisagz] in [0.07s], tree stat [count=6, size=455 kB]
I 2022/08/25 09:58:11 box.go:524: rebuilt database for notebook [20211118211027-wy8qpls] in [0.01s], tree stat [count=12, size=116 kB]
I 2022/08/25 09:58:11 box.go:524: rebuilt database for notebook [20211118211038-07xt1s4] in [0.01s], tree stat [count=6, size=122 kB]
I 2022/08/25 09:58:11 box.go:524: rebuilt database for notebook [20211119111631-urhazrg] in [0.00s], tree stat [count=0, size=0 B]
I 2022/08/25 09:58:11 box.go:524: rebuilt database for notebook [20220804161620-pe89qno] in [0.06s], tree stat [count=6, size=294 kB]
I 2022/08/25 09:58:11 conf.go:523: post-init database size [1.6 MB], tree stat [count=30, size=987 kB]
I 2022/08/25 09:58:12 working.go:112: kernel booted
E 2022/08/25 19:34:53 rhy.go:42: get version meta info failed: [Get "https://rhythm.b3log.org/version/siyuan?ver=1.5.3": context deadline exceeded (Client.Timeout exceeded while awaiting headers)]
E 2022/08/25 23:34:58 rhy.go:42: get version meta info failed: [context deadline exceeded (Client.Timeout or context cancellation while reading body)]
E 2022/08/27 02:40:30 rhy.go:42: get version meta info failed: [Get "https://rhythm.b3log.org/version/siyuan?ver=1.5.3": context deadline exceeded (Client.Timeout exceeded while awaiting headers)]
E 2022/08/29 09:38:17 rhy.go:42: get version meta info failed: [Get "https://rhythm.b3log.org/version/siyuan?ver=1.5.3": dial tcp: lookup rhythm.b3log.org: no such host]
E 2022/08/29 15:38:21 rhy.go:42: get version meta info failed: [Get "https://rhythm.b3log.org/version/siyuan?ver=1.5.3": context deadline exceeded (Client.Timeout exceeded while awaiting headers)]
E 2022/08/29 23:33:24 rhy.go:42: get version meta info failed: [Get "https://rhythm.b3log.org/version/siyuan?ver=1.5.3": context deadline exceeded (Client.Timeout exceeded while awaiting headers)]
E 2022/08/30 09:29:51 rhy.go:42: get version meta info failed: [Get "https://rhythm.b3log.org/version/siyuan?ver=1.5.3": dial tcp: lookup rhythm.b3log.org: no such host]
E 2022/08/31 08:02:35 rhy.go:42: get version meta info failed: [Get "https://rhythm.b3log.org/version/siyuan?ver=1.5.3": dial tcp: lookup rhythm.b3log.org: no such host]
E 2022/08/31 16:02:42 rhy.go:42: get version meta info failed: [context deadline exceeded (Client.Timeout or context cancellation while reading body)]
E 2022/08/31 22:02:47 rhy.go:42: get version meta info failed: [context deadline exceeded (Client.Timeout or context cancellation while reading body)]
E 2022/09/01 00:02:50 rhy.go:42: get version meta info failed: [Get "https://rhythm.b3log.org/version/siyuan?ver=1.5.3": context deadline exceeded (Client.Timeout exceeded while awaiting headers)]
E 2022/09/01 02:02:50 rhy.go:42: get version meta info failed: [Get "https://rhythm.b3log.org/version/siyuan?ver=1.5.3": dial tcp: lookup rhythm.b3log.org: no such host]
E 2022/09/01 04:02:50 rhy.go:42: get version meta info failed: [Get "https://rhythm.b3log.org/version/siyuan?ver=1.5.3": dial tcp: lookup rhythm.b3log.org: no such host]
E 2022/09/01 06:02:50 rhy.go:42: get version meta info failed: [Get "https://rhythm.b3log.org/version/siyuan?ver=1.5.3": dial tcp: lookup rhythm.b3log.org: no such host]
E 2022/09/01 08:02:50 rhy.go:42: get version meta info failed: [Get "https://rhythm.b3log.org/version/siyuan?ver=1.5.3": dial tcp: lookup rhythm.b3log.org: no such host]
I 2022/09/01 14:31:19 working.go:94: 
      ___                                   ___           ___           ___
     /  /\        ___           ___        /__/\         /  /\         /__/\
    /  /:/_      /  /\         /__/|       \  \:\       /  /::\        \  \:\
   /  /:/ /\    /  /:/        |  |:|        \  \:\     /  /:/\:\        \  \:\
  /  /:/ /::\  /__/::\        |  |:|    ___  \  \:\   /  /:/~/::\   _____\__\:\
 /__/:/ /:/\:\ \__\/\:\__   __|__|:|   /__/\  \__\:\ /__/:/ /:/\:\ /__/::::::::\
 \  \:\/:/~/:/    \  \:\/\ /__/::::\   \  \:\ /  /:/ \  \:\/:/__\/ \  \:\~~\~~\/
  \  \::/ /:/      \__\::/    ~\~~\:\   \  \:\  /:/   \  \::/       \  \:\  ~~~
   \__\/ /:/       /__/:/       \  \:\   \  \:\/:/     \  \:\        \  \:\
     /__/:/        \__\/         \__\/    \  \::/       \  \:\        \  \:\
     \__\/                                 \__\/         \__\/         \__\/
I 2022/09/01 14:31:22 runtime.go:57: kernel is booting:
    * ver [1.5.3]
    * arch [amd64]
    * runtime mode [prod]
    * working directory [D:\SiYuan\resources]
    * read only [false]
    * container [std]
    * database [ver=20211022]
    * workspace directory [E:\book\notes, data 27 MB]
    * rsync [version 3.2.4dev  protocol version 31]
    * pandoc [pandoc.exe 2.13]
I 2022/09/01 14:31:22 conf.go:257: local serve path [http://192.168.0.6:6806]
I 2022/09/01 14:31:22 database.go:134: initialized database tables
I 2022/09/01 14:31:22 database.go:88: reinitialized database [E:\book\notes\temp\siyuan.db]
I 2022/09/01 14:31:22 conf.go:507: pre-init database size [66 kB]
I 2022/09/01 14:31:22 serve.go:68: kernel is booting [http://127.0.0.1:6806]
I 2022/09/01 14:31:22 box.go:524: rebuilt database for notebook [20211118172854-pdisagz] in [0.07s], tree stat [count=7, size=643 kB]
I 2022/09/01 14:31:22 box.go:524: rebuilt database for notebook [20211118211027-wy8qpls] in [0.01s], tree stat [count=12, size=116 kB]
I 2022/09/01 14:31:22 box.go:524: rebuilt database for notebook [20211118211038-07xt1s4] in [0.06s], tree stat [count=8, size=368 kB]
I 2022/09/01 14:31:22 box.go:524: rebuilt database for notebook [20211119111631-urhazrg] in [0.00s], tree stat [count=0, size=0 B]
I 2022/09/01 14:31:22 box.go:524: rebuilt database for notebook [20220804161620-pe89qno] in [0.06s], tree stat [count=6, size=294 kB]
I 2022/09/01 14:31:22 conf.go:523: post-init database size [2.1 MB], tree stat [count=33, size=1.4 MB]
I 2022/09/01 14:31:23 working.go:112: kernel booted
E 2022/09/01 18:31:44 rhy.go:42: get version meta info failed: [context deadline exceeded (Client.Timeout or context cancellation while reading body)]
E 2022/09/01 20:42:53 rhy.go:42: get version meta info failed: [Get "https://rhythm.b3log.org/version/siyuan?ver=1.5.3": context deadline exceeded (Client.Timeout exceeded while awaiting headers)]
E 2022/09/02 09:47:39 rhy.go:42: get version meta info failed: [Get "https://rhythm.b3log.org/version/siyuan?ver=1.5.3": context deadline exceeded (Client.Timeout exceeded while awaiting headers)]
I 2022/09/02 10:22:05 working.go:312: port [6806] is opened, try to check version of running kernel
I 2022/09/02 10:22:06 working.go:333: version of the running kernel is the same as this boot [1.5.3], exit this boot
E 2022/09/02 10:22:25 rhy.go:42: get version meta info failed: [Get "https://rhythm.b3log.org/version/siyuan?ver=1.5.3": context deadline exceeded (Client.Timeout exceeded while awaiting headers)]
E 2022/09/02 12:22:28 rhy.go:42: get version meta info failed: [Get "https://rhythm.b3log.org/version/siyuan?ver=1.5.3": context deadline exceeded (Client.Timeout exceeded while awaiting headers)]
E 2022/09/02 14:22:31 rhy.go:42: get version meta info failed: [Get "https://rhythm.b3log.org/version/siyuan?ver=1.5.3": context deadline exceeded (Client.Timeout exceeded while awaiting headers)]
E 2022/09/02 16:22:34 rhy.go:42: get version meta info failed: [Get "https://rhythm.b3log.org/version/siyuan?ver=1.5.3": context deadline exceeded (Client.Timeout exceeded while awaiting headers)]
E 2022/09/02 18:22:34 rhy.go:42: get version meta info failed: [Get "https://rhythm.b3log.org/version/siyuan?ver=1.5.3": dial tcp: lookup rhythm.b3log.org: getaddrinfow: This is usually a temporary error during hostname resolution and means that the local server did not receive a response from an authoritative server.]
E 2022/09/02 20:41:39 rhy.go:42: get version meta info failed: [Get "https://rhythm.b3log.org/version/siyuan?ver=1.5.3": dial tcp: lookup rhythm.b3log.org: getaddrinfow: This is usually a temporary error during hostname resolution and means that the local server did not receive a response from an authoritative server.]
E 2022/09/03 00:41:40 rhy.go:42: get version meta info failed: [Get "https://rhythm.b3log.org/version/siyuan?ver=1.5.3": dial tcp: lookup rhythm.b3log.org: getaddrinfow: This is usually a temporary error during hostname resolution and means that the local server did not receive a response from an authoritative server.]
E 2022/09/03 02:41:40 rhy.go:42: get version meta info failed: [Get "https://rhythm.b3log.org/version/siyuan?ver=1.5.3": dial tcp: lookup rhythm.b3log.org: getaddrinfow: This is usually a temporary error during hostname resolution and means that the local server did not receive a response from an authoritative server.]
E 2022/09/03 19:04:47 rhy.go:42: get version meta info failed: [Get "https://rhythm.b3log.org/version/siyuan?ver=1.5.3": dial tcp: lookup rhythm.b3log.org: no such host]
E 2022/09/03 23:04:51 rhy.go:42: get version meta info failed: [Get "https://rhythm.b3log.org/version/siyuan?ver=1.5.3": dial tcp: lookup rhythm.b3log.org: no such host]
E 2022/09/04 07:04:55 rhy.go:42: get version meta info failed: [Get "https://rhythm.b3log.org/version/siyuan?ver=1.5.3": dial tcp: lookup rhythm.b3log.org: no such host]
E 2022/09/04 09:04:55 rhy.go:42: get version meta info failed: [Get "https://rhythm.b3log.org/version/siyuan?ver=1.5.3": dial tcp: lookup rhythm.b3log.org: no such host]
E 2022/09/04 11:04:58 rhy.go:42: get version meta info failed: [Get "https://rhythm.b3log.org/version/siyuan?ver=1.5.3": context deadline exceeded (Client.Timeout exceeded while awaiting headers)]
E 2022/09/04 20:06:55 rhy.go:42: get version meta info failed: [Get "https://rhythm.b3log.org/version/siyuan?ver=1.5.3": context deadline exceeded (Client.Timeout exceeded while awaiting headers)]
I 2022/09/04 21:38:32 working.go:312: port [6806] is opened, try to check version of running kernel
I 2022/09/04 21:38:32 working.go:333: version of the running kernel is the same as this boot [1.5.3], exit this boot
E 2022/09/05 09:48:41 rhy.go:42: get version meta info failed: [Get "https://rhythm.b3log.org/version/siyuan?ver=1.5.3": context deadline exceeded (Client.Timeout exceeded while awaiting headers)]
I 2022/09/05 16:44:24 working.go:312: port [6806] is opened, try to check version of running kernel
I 2022/09/05 16:44:24 working.go:333: version of the running kernel is the same as this boot [1.5.3], exit this boot
I 2022/09/07 10:01:36 working.go:94: 
      ___                                   ___           ___           ___
     /  /\        ___           ___        /__/\         /  /\         /__/\
    /  /:/_      /  /\         /__/|       \  \:\       /  /::\        \  \:\
   /  /:/ /\    /  /:/        |  |:|        \  \:\     /  /:/\:\        \  \:\
  /  /:/ /::\  /__/::\        |  |:|    ___  \  \:\   /  /:/~/::\   _____\__\:\
 /__/:/ /:/\:\ \__\/\:\__   __|__|:|   /__/\  \__\:\ /__/:/ /:/\:\ /__/::::::::\
 \  \:\/:/~/:/    \  \:\/\ /__/::::\   \  \:\ /  /:/ \  \:\/:/__\/ \  \:\~~\~~\/
  \  \::/ /:/      \__\::/    ~\~~\:\   \  \:\  /:/   \  \::/       \  \:\  ~~~
   \__\/ /:/       /__/:/       \  \:\   \  \:\/:/     \  \:\        \  \:\
     /__/:/        \__\/         \__\/    \  \::/       \  \:\        \  \:\
     \__\/                                 \__\/         \__\/         \__\/
I 2022/09/07 10:01:37 runtime.go:57: kernel is booting:
    * ver [1.5.3]
    * arch [amd64]
    * runtime mode [prod]
    * working directory [D:\SiYuan\resources]
    * read only [false]
    * container [std]
    * database [ver=20211022]
    * workspace directory [E:\book\notes, data 32 MB]
    * rsync [version 3.2.4dev  protocol version 31]
    * pandoc [pandoc.exe 2.13]
I 2022/09/07 10:01:37 conf.go:257: local serve path [http://192.168.0.6:6806]
I 2022/09/07 10:01:37 database.go:134: initialized database tables
I 2022/09/07 10:01:37 database.go:88: reinitialized database [E:\book\notes\temp\siyuan.db]
I 2022/09/07 10:01:37 conf.go:507: pre-init database size [66 kB]
I 2022/09/07 10:01:37 serve.go:68: kernel is booting [http://127.0.0.1:6806]
I 2022/09/07 10:01:38 box.go:524: rebuilt database for notebook [20211118172854-pdisagz] in [0.31s], tree stat [count=9, size=695 kB]
I 2022/09/07 10:01:38 box.go:524: rebuilt database for notebook [20211118211027-wy8qpls] in [0.03s], tree stat [count=13, size=164 kB]
I 2022/09/07 10:01:38 box.go:524: rebuilt database for notebook [20211118211038-07xt1s4] in [0.16s], tree stat [count=5, size=331 kB]
I 2022/09/07 10:01:38 box.go:524: rebuilt database for notebook [20211119111631-urhazrg] in [0.00s], tree stat [count=0, size=0 B]
I 2022/09/07 10:01:38 box.go:524: rebuilt database for notebook [20220804161620-pe89qno] in [0.18s], tree stat [count=9, size=343 kB]
I 2022/09/07 10:01:39 conf.go:523: post-init database size [2.2 MB], tree stat [count=36, size=1.5 MB]
I 2022/09/07 10:01:40 working.go:112: kernel booted
E 2022/09/07 18:02:07 rhy.go:42: get version meta info failed: [Get "https://rhythm.b3log.org/version/siyuan?ver=1.5.3": context deadline exceeded (Client.Timeout exceeded while awaiting headers)]
E 2022/09/07 20:52:37 rhy.go:42: get version meta info failed: [Get "https://rhythm.b3log.org/version/siyuan?ver=1.5.3": dial tcp: lookup rhythm.b3log.org: getaddrinfow: This is usually a temporary error during hostname resolution and means that the local server did not receive a response from an authoritative server.]
E 2022/09/08 10:52:44 rhy.go:42: get version meta info failed: [Get "https://rhythm.b3log.org/version/siyuan?ver=1.5.3": dial tcp: lookup rhythm.b3log.org: no such host]
E 2022/09/08 15:04:13 rhy.go:42: get version meta info failed: [Get "https://rhythm.b3log.org/version/siyuan?ver=1.5.3": dial tcp: lookup rhythm.b3log.org: no such host]
E 2022/09/08 21:04:18 rhy.go:42: get version meta info failed: [Get "https://rhythm.b3log.org/version/siyuan?ver=1.5.3": context deadline exceeded (Client.Timeout exceeded while awaiting headers)]
E 2022/09/09 01:57:07 rhy.go:42: get version meta info failed: [Get "https://rhythm.b3log.org/version/siyuan?ver=1.5.3": context deadline exceeded (Client.Timeout exceeded while awaiting headers)]
E 2022/09/09 06:47:56 rhy.go:42: get version meta info failed: [Get "https://rhythm.b3log.org/version/siyuan?ver=1.5.3": context deadline exceeded (Client.Timeout exceeded while awaiting headers)]
E 2022/09/10 01:16:39 rhy.go:42: get version meta info failed: [Get "https://rhythm.b3log.org/version/siyuan?ver=1.5.3": dial tcp: lookup rhythm.b3log.org: getaddrinfow: This is usually a temporary error during hostname resolution and means that the local server did not receive a response from an authoritative server.]
E 2022/09/10 03:16:39 rhy.go:42: get version meta info failed: [Get "https://rhythm.b3log.org/version/siyuan?ver=1.5.3": dial tcp: lookup rhythm.b3log.org: getaddrinfow: This is usually a temporary error during hostname resolution and means that the local server did not receive a response from an authoritative server.]
E 2022/09/10 05:16:39 rhy.go:42: get version meta info failed: [Get "https://rhythm.b3log.org/version/siyuan?ver=1.5.3": dial tcp: lookup rhythm.b3log.org: no such host]
E 2022/09/10 07:16:39 rhy.go:42: get version meta info failed: [Get "https://rhythm.b3log.org/version/siyuan?ver=1.5.3": dial tcp: lookup rhythm.b3log.org: no such host]
E 2022/09/10 09:53:43 rhy.go:42: get version meta info failed: [Get "https://rhythm.b3log.org/version/siyuan?ver=1.5.3": dial tcp: lookup rhythm.b3log.org: no such host]
E 2022/09/10 11:53:44 rhy.go:42: get version meta info failed: [Get "https://rhythm.b3log.org/version/siyuan?ver=1.5.3": dial tcp: lookup rhythm.b3log.org: no such host]
E 2022/09/10 13:53:44 rhy.go:42: get version meta info failed: [Get "https://rhythm.b3log.org/version/siyuan?ver=1.5.3": dial tcp: lookup rhythm.b3log.org: no such host]
E 2022/09/10 15:53:45 rhy.go:42: get version meta info failed: [Get "https://rhythm.b3log.org/version/siyuan?ver=1.5.3": dial tcp: lookup rhythm.b3log.org: no such host]
E 2022/09/10 17:53:45 rhy.go:42: get version meta info failed: [Get "https://rhythm.b3log.org/version/siyuan?ver=1.5.3": dial tcp: lookup rhythm.b3log.org: no such host]
E 2022/09/10 19:53:45 rhy.go:42: get version meta info failed: [Get "https://rhythm.b3log.org/version/siyuan?ver=1.5.3": dial tcp: lookup rhythm.b3log.org: no such host]
E 2022/09/10 23:53:49 rhy.go:42: get version meta info failed: [Get "https://rhythm.b3log.org/version/siyuan?ver=1.5.3": context deadline exceeded (Client.Timeout exceeded while awaiting headers)]
E 2022/09/11 02:27:55 rhy.go:42: get version meta info failed: [Get "https://rhythm.b3log.org/version/siyuan?ver=1.5.3": context deadline exceeded (Client.Timeout exceeded while awaiting headers)]
E 2022/09/11 07:07:52 rhy.go:42: get version meta info failed: [Get "https://rhythm.b3log.org/version/siyuan?ver=1.5.3": context deadline exceeded (Client.Timeout exceeded while awaiting headers)]
E 2022/09/11 13:14:12 rhy.go:42: get version meta info failed: [Get "https://rhythm.b3log.org/version/siyuan?ver=1.5.3": dial tcp: lookup rhythm.b3log.org: getaddrinfow: This is usually a temporary error during hostname resolution and means that the local server did not receive a response from an authoritative server.]
